<?xml version="1.0" encoding="UTF-8"?>
<!-- Generated by org.testng.reporters.JUnitXMLReporter -->
<testsuite ignored="0" hostname="Amars-MacBook-Air.local" failures="0" tests="6" name="Surefire test" time="0.05" errors="0" timestamp="2021-08-07T23:04:45 IST">
  <testcase classname="qalearning.com.AppiumTest" name="iosApp" time="0.003"/>
  <testcase classname="qalearning.com.AppiumTest" name="nativeAndroidApp" time="0.0"/>
  <testcase classname="qalearning.com.SeleniumTest" name="browserAutomation" time="0.0"/>
  <testcase classname="qalearning.com.SeleniumTest" name="elementUI" time="0.0"/>
  <testcase classname="qalearning.com.RestAPITest" name="deleteTwitter" time="0.0"/>
  <testcase classname="qalearning.com.RestAPITest" name="postJira" time="0.0"/>
</testsuite> <!-- Surefire test -->
