<?xml version="1.0" encoding="UTF-8"?>
<!-- Generated by org.testng.reporters.JUnitXMLReporter -->
<testsuite hostname="Amars-MacBook-Air.local" ignored="0" name="Test" tests="6" failures="0" timestamp="2021-08-09T14:46:03 IST" time="0.067" errors="0">
  <testcase name="deleteTwitter" time="0.004" classname="qalearning.com.RestAPITest"/>
  <testcase name="postJira" time="0.0" classname="qalearning.com.RestAPITest"/>
  <testcase name="iosApp" time="0.001" classname="qalearning.com.AppiumTest"/>
  <testcase name="nativeAndroidApp" time="0.0" classname="qalearning.com.AppiumTest"/>
  <testcase name="browserAutomation" time="0.0" classname="qalearning.com.SeleniumTest"/>
  <testcase name="elementUI" time="0.0" classname="qalearning.com.SeleniumTest"/>
</testsuite> <!-- Test -->
