<?xml version="1.0" encoding="UTF-8"?>
<testng-results skipped="0" failed="0" ignored="0" total="6" passed="6">
  <reporter-output>
  </reporter-output>
  <suite name="Suite" duration-ms="67" started-at="2021-08-09T14:45:57 IST" finished-at="2021-08-09T14:45:58 IST">
    <groups>
    </groups>
    <test name="Test" duration-ms="67" started-at="2021-08-09T14:45:57 IST" finished-at="2021-08-09T14:45:58 IST">
      <class name="qalearning.com.AppiumTest">
        <test-method status="PASS" signature="iosApp()[pri:0, instance:qalearning.com.AppiumTest@5f341870]" name="iosApp" duration-ms="1" started-at="2021-08-09T14:45:57 IST" finished-at="2021-08-09T14:45:57 IST">
          <reporter-output>
          </reporter-output>
        </test-method> <!-- iosApp -->
        <test-method status="PASS" signature="nativeAndroidApp()[pri:0, instance:qalearning.com.AppiumTest@5f341870]" name="nativeAndroidApp" duration-ms="0" started-at="2021-08-09T14:45:57 IST" finished-at="2021-08-09T14:45:57 IST">
          <reporter-output>
          </reporter-output>
        </test-method> <!-- nativeAndroidApp -->
      </class> <!-- qalearning.com.AppiumTest -->
      <class name="qalearning.com.RestAPITest">
        <test-method status="PASS" signature="deleteTwitter()[pri:0, instance:qalearning.com.RestAPITest@146ba0ac]" name="deleteTwitter" duration-ms="4" started-at="2021-08-09T14:45:57 IST" finished-at="2021-08-09T14:45:57 IST">
          <reporter-output>
          </reporter-output>
        </test-method> <!-- deleteTwitter -->
        <test-method status="PASS" signature="postJira()[pri:0, instance:qalearning.com.RestAPITest@146ba0ac]" name="postJira" duration-ms="0" started-at="2021-08-09T14:45:57 IST" finished-at="2021-08-09T14:45:57 IST">
          <reporter-output>
          </reporter-output>
        </test-method> <!-- postJira -->
      </class> <!-- qalearning.com.RestAPITest -->
      <class name="qalearning.com.SeleniumTest">
        <test-method status="PASS" signature="browserAutomation()[pri:0, instance:qalearning.com.SeleniumTest@553f17c]" name="browserAutomation" duration-ms="0" started-at="2021-08-09T14:45:58 IST" finished-at="2021-08-09T14:45:58 IST">
          <reporter-output>
          </reporter-output>
        </test-method> <!-- browserAutomation -->
        <test-method status="PASS" signature="elementUI()[pri:0, instance:qalearning.com.SeleniumTest@553f17c]" name="elementUI" duration-ms="0" started-at="2021-08-09T14:45:58 IST" finished-at="2021-08-09T14:45:58 IST">
          <reporter-output>
          </reporter-output>
        </test-method> <!-- elementUI -->
      </class> <!-- qalearning.com.SeleniumTest -->
    </test> <!-- Test -->
  </suite> <!-- Suite -->
</testng-results>
