<?xml version="1.0" encoding="UTF-8"?>
<testng-results ignored="0" total="1" passed="1" failed="0" skipped="0">
  <reporter-output>
  </reporter-output>
  <suite started-at="2021-08-07T21:44:07 IST" name="Default suite" finished-at="2021-08-07T21:44:07 IST" duration-ms="55">
    <groups>
    </groups>
    <test started-at="2021-08-07T21:44:07 IST" name="Default test" finished-at="2021-08-07T21:44:07 IST" duration-ms="55">
      <class name="qalearning.com.SeleniumTest">
        <test-method signature="browserAutomation()[pri:0, instance:qalearning.com.SeleniumTest@52102734]" started-at="2021-08-07T21:44:07 IST" name="browserAutomation" finished-at="2021-08-07T21:44:07 IST" duration-ms="10" status="PASS">
          <reporter-output>
          </reporter-output>
        </test-method> <!-- browserAutomation -->
      </class> <!-- qalearning.com.SeleniumTest -->
    </test> <!-- Default test -->
  </suite> <!-- Default suite -->
</testng-results>
